{"/Users/taki1337/Documents/GitHub/VITMAV42-SzerverOldaliJS/middlewares/trainers/getMostTrainer.js": {"path":"/Users/taki1337/Documents/GitHub/VITMAV42-SzerverOldaliJS/middlewares/trainers/getMostTrainer.js","statementMap":{"0":{"start":{"line":7,"column":0},"end":{"line":21,"column":1}},"1":{"start":{"line":8,"column":4},"end":{"line":20,"column":5}},"2":{"start":{"line":9,"column":8},"end":{"line":19,"column":43}},"3":{"start":{"line":10,"column":27},"end":{"line":15,"column":14}},"4":{"start":{"line":16,"column":12},"end":{"line":16,"column":60}},"5":{"start":{"line":17,"column":12},"end":{"line":17,"column":67}},"6":{"start":{"line":18,"column":12},"end":{"line":18,"column":26}},"7":{"start":{"line":19,"column":24},"end":{"line":19,"column":41}}},"fnMap":{"0":{"name":"(anonymous_0)","decl":{"start":{"line":7,"column":17},"end":{"line":7,"column":18}},"loc":{"start":{"line":7,"column":30},"end":{"line":21,"column":1}},"line":7},"1":{"name":"(anonymous_1)","decl":{"start":{"line":8,"column":11},"end":{"line":8,"column":12}},"loc":{"start":{"line":8,"column":37},"end":{"line":20,"column":5}},"line":8}},"branchMap":{"0":{"loc":{"start":{"line":16,"column":33},"end":{"line":16,"column":59}},"type":"binary-expr","locations":[{"start":{"line":16,"column":33},"end":{"line":16,"column":51}},{"start":{"line":16,"column":55},"end":{"line":16,"column":59}}],"line":16},"1":{"loc":{"start":{"line":17,"column":38},"end":{"line":17,"column":66}},"type":"binary-expr","locations":[{"start":{"line":17,"column":38},"end":{"line":17,"column":61}},{"start":{"line":17,"column":65},"end":{"line":17,"column":66}}],"line":17}},"s":{"0":1,"1":1,"2":1,"3":1,"4":1,"5":1,"6":1,"7":0},"f":{"0":1,"1":1},"b":{"0":[1,1],"1":[1,1]},"_coverageSchema":"1a1c01bbd47fc00a2c39e90264f33305004495a9","hash":"6bcb76add6c8935e2ae4dd9e949937f8fd103e20"}
,"/Users/taki1337/Documents/GitHub/VITMAV42-SzerverOldaliJS/middlewares/utility/format.js": {"path":"/Users/taki1337/Documents/GitHub/VITMAV42-SzerverOldaliJS/middlewares/utility/format.js","statementMap":{"0":{"start":{"line":1,"column":20},"end":{"line":5,"column":1}},"1":{"start":{"line":2,"column":4},"end":{"line":2,"column":30}},"2":{"start":{"line":2,"column":18},"end":{"line":2,"column":30}},"3":{"start":{"line":3,"column":18},"end":{"line":3,"column":65}},"4":{"start":{"line":4,"column":4},"end":{"line":4,"column":122}},"5":{"start":{"line":7,"column":20},"end":{"line":18,"column":1}},"6":{"start":{"line":8,"column":4},"end":{"line":8,"column":30}},"7":{"start":{"line":8,"column":18},"end":{"line":8,"column":30}},"8":{"start":{"line":9,"column":18},"end":{"line":9,"column":65}},"9":{"start":{"line":10,"column":20},"end":{"line":10,"column":36}},"10":{"start":{"line":11,"column":4},"end":{"line":17,"column":6}},"11":{"start":{"line":20,"column":0},"end":{"line":20,"column":46}}},"fnMap":{"0":{"name":"(anonymous_0)","decl":{"start":{"line":1,"column":20},"end":{"line":1,"column":21}},"loc":{"start":{"line":1,"column":31},"end":{"line":5,"column":1}},"line":1},"1":{"name":"(anonymous_1)","decl":{"start":{"line":7,"column":20},"end":{"line":7,"column":21}},"loc":{"start":{"line":7,"column":31},"end":{"line":18,"column":1}},"line":7}},"branchMap":{"0":{"loc":{"start":{"line":2,"column":4},"end":{"line":2,"column":30}},"type":"if","locations":[{"start":{"line":2,"column":4},"end":{"line":2,"column":30}},{"start":{},"end":{}}],"line":2},"1":{"loc":{"start":{"line":3,"column":18},"end":{"line":3,"column":65}},"type":"cond-expr","locations":[{"start":{"line":3,"column":37},"end":{"line":3,"column":55}},{"start":{"line":3,"column":58},"end":{"line":3,"column":65}}],"line":3},"2":{"loc":{"start":{"line":4,"column":34},"end":{"line":4,"column":55}},"type":"binary-expr","locations":[{"start":{"line":4,"column":34},"end":{"line":4,"column":43}},{"start":{"line":4,"column":47},"end":{"line":4,"column":55}}],"line":4},"3":{"loc":{"start":{"line":4,"column":67},"end":{"line":4,"column":119}},"type":"binary-expr","locations":[{"start":{"line":4,"column":67},"end":{"line":4,"column":80}},{"start":{"line":4,"column":84},"end":{"line":4,"column":119}}],"line":4},"4":{"loc":{"start":{"line":8,"column":4},"end":{"line":8,"column":30}},"type":"if","locations":[{"start":{"line":8,"column":4},"end":{"line":8,"column":30}},{"start":{},"end":{}}],"line":8},"5":{"loc":{"start":{"line":9,"column":18},"end":{"line":9,"column":65}},"type":"cond-expr","locations":[{"start":{"line":9,"column":37},"end":{"line":9,"column":55}},{"start":{"line":9,"column":58},"end":{"line":9,"column":65}}],"line":9},"6":{"loc":{"start":{"line":13,"column":19},"end":{"line":13,"column":40}},"type":"binary-expr","locations":[{"start":{"line":13,"column":19},"end":{"line":13,"column":28}},{"start":{"line":13,"column":32},"end":{"line":13,"column":40}}],"line":13},"7":{"loc":{"start":{"line":14,"column":26},"end":{"line":14,"column":89}},"type":"binary-expr","locations":[{"start":{"line":14,"column":26},"end":{"line":14,"column":38}},{"start":{"line":14,"column":42},"end":{"line":14,"column":53}},{"start":{"line":14,"column":57},"end":{"line":14,"column":64}},{"start":{"line":14,"column":68},"end":{"line":14,"column":83}},{"start":{"line":14,"column":87},"end":{"line":14,"column":89}}],"line":14},"8":{"loc":{"start":{"line":15,"column":21},"end":{"line":15,"column":61}},"type":"binary-expr","locations":[{"start":{"line":15,"column":21},"end":{"line":15,"column":34}},{"start":{"line":15,"column":38},"end":{"line":15,"column":55}},{"start":{"line":15,"column":59},"end":{"line":15,"column":61}}],"line":15},"9":{"loc":{"start":{"line":16,"column":19},"end":{"line":16,"column":65}},"type":"cond-expr","locations":[{"start":{"line":16,"column":45},"end":{"line":16,"column":53}},{"start":{"line":16,"column":56},"end":{"line":16,"column":65}}],"line":16}},"s":{"0":1,"1":0,"2":0,"3":0,"4":0,"5":1,"6":1,"7":0,"8":1,"9":1,"10":1,"11":1},"f":{"0":0,"1":1},"b":{"0":[0,0],"1":[0,0],"2":[0,0],"3":[0,0],"4":[0,1],"5":[0,1],"6":[1,0],"7":[1,0,0,0,0],"8":[1,0,0],"9":[1,0]},"_coverageSchema":"1a1c01bbd47fc00a2c39e90264f33305004495a9","hash":"f0c5bfe11bd681b06791e2b4d8b0263d2d4e66db"}
,"/Users/taki1337/Documents/GitHub/VITMAV42-SzerverOldaliJS/middlewares/workouts/getWorkout.js": {"path":"/Users/taki1337/Documents/GitHub/VITMAV42-SzerverOldaliJS/middlewares/workouts/getWorkout.js","statementMap":{"0":{"start":{"line":7,"column":0},"end":{"line":16,"column":1}},"1":{"start":{"line":8,"column":4},"end":{"line":15,"column":5}},"2":{"start":{"line":9,"column":8},"end":{"line":14,"column":43}},"3":{"start":{"line":10,"column":28},"end":{"line":10,"column":99}},"4":{"start":{"line":11,"column":12},"end":{"line":11,"column":86}},"5":{"start":{"line":11,"column":26},"end":{"line":11,"column":86}},"6":{"start":{"line":12,"column":12},"end":{"line":12,"column":83}},"7":{"start":{"line":13,"column":12},"end":{"line":13,"column":26}},"8":{"start":{"line":14,"column":24},"end":{"line":14,"column":41}}},"fnMap":{"0":{"name":"(anonymous_0)","decl":{"start":{"line":7,"column":17},"end":{"line":7,"column":18}},"loc":{"start":{"line":7,"column":30},"end":{"line":16,"column":1}},"line":7},"1":{"name":"(anonymous_1)","decl":{"start":{"line":8,"column":11},"end":{"line":8,"column":12}},"loc":{"start":{"line":8,"column":37},"end":{"line":15,"column":5}},"line":8}},"branchMap":{"0":{"loc":{"start":{"line":11,"column":12},"end":{"line":11,"column":86}},"type":"if","locations":[{"start":{"line":11,"column":12},"end":{"line":11,"column":86}},{"start":{},"end":{}}],"line":11}},"s":{"0":1,"1":1,"2":1,"3":1,"4":1,"5":0,"6":1,"7":1,"8":0},"f":{"0":1,"1":1},"b":{"0":[0,1]},"_coverageSchema":"1a1c01bbd47fc00a2c39e90264f33305004495a9","hash":"da79892c68179084279aab54b2ee5fd1934c76e7"}
}
