{"/Users/taki1337/Documents/GitHub/VITMAV42-SzerverOldaliJS/middlewares/workouts/getWorkout.js": {"path":"/Users/taki1337/Documents/GitHub/VITMAV42-SzerverOldaliJS/middlewares/workouts/getWorkout.js","statementMap":{"0":{"start":{"line":7,"column":0},"end":{"line":16,"column":1}},"1":{"start":{"line":8,"column":4},"end":{"line":15,"column":5}},"2":{"start":{"line":9,"column":8},"end":{"line":14,"column":43}},"3":{"start":{"line":10,"column":28},"end":{"line":10,"column":99}},"4":{"start":{"line":11,"column":12},"end":{"line":11,"column":86}},"5":{"start":{"line":11,"column":26},"end":{"line":11,"column":86}},"6":{"start":{"line":12,"column":12},"end":{"line":12,"column":83}},"7":{"start":{"line":13,"column":12},"end":{"line":13,"column":26}},"8":{"start":{"line":14,"column":24},"end":{"line":14,"column":41}}},"fnMap":{"0":{"name":"(anonymous_0)","decl":{"start":{"line":7,"column":17},"end":{"line":7,"column":18}},"loc":{"start":{"line":7,"column":30},"end":{"line":16,"column":1}},"line":7},"1":{"name":"(anonymous_1)","decl":{"start":{"line":8,"column":11},"end":{"line":8,"column":12}},"loc":{"start":{"line":8,"column":37},"end":{"line":15,"column":5}},"line":8}},"branchMap":{"0":{"loc":{"start":{"line":11,"column":12},"end":{"line":11,"column":86}},"type":"if","locations":[{"start":{"line":11,"column":12},"end":{"line":11,"column":86}},{"start":{},"end":{}}],"line":11}},"s":{"0":1,"1":3,"2":3,"3":3,"4":2,"5":1,"6":1,"7":1,"8":1},"f":{"0":3,"1":3},"b":{"0":[1,1]},"_coverageSchema":"1a1c01bbd47fc00a2c39e90264f33305004495a9","hash":"da79892c68179084279aab54b2ee5fd1934c76e7"}
}
