TN:
SF:middlewares/trainers/getMostTrainer.js
FN:7,(anonymous_0)
FN:8,(anonymous_1)
FNF:2
FNH:2
FNDA:1,(anonymous_0)
FNDA:1,(anonymous_1)
DA:7,1
DA:8,1
DA:9,1
DA:10,1
DA:16,1
DA:17,1
DA:18,1
DA:19,0
LF:8
LH:7
BRDA:16,0,0,1
BRDA:16,0,1,1
BRDA:17,1,0,1
BRDA:17,1,1,1
BRF:4
BRH:4
end_of_record
TN:
SF:middlewares/utility/format.js
FN:1,(anonymous_0)
FN:7,(anonymous_1)
FNF:2
FNH:1
FNDA:0,(anonymous_0)
FNDA:1,(anonymous_1)
DA:1,1
DA:2,0
DA:3,0
DA:4,0
DA:7,1
DA:8,1
DA:9,1
DA:10,1
DA:11,1
DA:20,1
LF:10
LH:7
BRDA:2,0,0,0
BRDA:2,0,1,0
BRDA:3,1,0,0
BRDA:3,1,1,0
BRDA:4,2,0,0
BRDA:4,2,1,0
BRDA:4,3,0,0
BRDA:4,3,1,0
BRDA:8,4,0,0
BRDA:8,4,1,1
BRDA:9,5,0,0
BRDA:9,5,1,1
BRDA:13,6,0,1
BRDA:13,6,1,0
BRDA:14,7,0,1
BRDA:14,7,1,0
BRDA:14,7,2,0
BRDA:14,7,3,0
BRDA:14,7,4,0
BRDA:15,8,0,1
BRDA:15,8,1,0
BRDA:15,8,2,0
BRDA:16,9,0,1
BRDA:16,9,1,0
BRF:24
BRH:6
end_of_record
TN:
SF:middlewares/workouts/getWorkout.js
FN:7,(anonymous_0)
FN:8,(anonymous_1)
FNF:2
FNH:2
FNDA:1,(anonymous_0)
FNDA:1,(anonymous_1)
DA:7,1
DA:8,1
DA:9,1
DA:10,1
DA:11,1
DA:12,1
DA:13,1
DA:14,0
LF:8
LH:7
BRDA:11,0,0,0
BRDA:11,0,1,1
BRF:2
BRH:1
end_of_record
